<?xml version="1.0" encoding="UTF-8"?>
<!-- Generated by org.testng.reporters.JUnitReportReporter -->
<testsuite hostname="LAPTOP-6OACLVLF" failures="0" tests="2" name="appServices.LoginService" time="5.384" errors="0" timestamp="2022-08-05T20:06:19 IST" skipped="0">
  <testcase classname="appServices.LoginService" name="verifyValidLogin" time="3.448"/>
  <system-out/>
  <testcase classname="appServices.LoginService" name="verifyInvalidLogin" time="1.936"/>
  <system-out/>
</testsuite> <!-- appServices.LoginService -->
