<?xml version="1.0" encoding="UTF-8"?>
<!-- Generated by org.testng.reporters.JUnitReportReporter -->
<testsuite hostname="LAPTOP-6OACLVLF" failures="0" tests="1" name="appServices.SampleAssert" time="12.488" errors="0" timestamp="2022-07-28T20:55:41 IST" skipped="0">
  <testcase classname="appServices.SampleAssert" name="verifyLogin" time="12.488"/>
  <system-out/>
</testsuite> <!-- appServices.SampleAssert -->
